c:\users\legion\desktop\storage\uni\3ano\cg\projeto\project\project\debug\vc142.pdb
c:\users\legion\desktop\storage\uni\3ano\cg\projeto\project\project\debug\vc142.idb
c:\users\legion\desktop\storage\uni\3ano\cg\projeto\project\project\debug\main.obj
c:\users\legion\desktop\storage\uni\3ano\cg\testes\aula1\triangles\project\project\debug\vc142.pdb
c:\users\legion\desktop\storage\uni\3ano\cg\testes\aula1\triangles\project\project\debug\vc142.idb
c:\users\legion\desktop\storage\uni\3ano\cg\testes\aula1\triangles\project\project\debug\main.obj
c:\users\legion\desktop\storage\uni\3ano\cg\testes\aula2\triangles\project\project\debug\vc142.pdb
c:\users\legion\desktop\storage\uni\3ano\cg\testes\aula2\triangles\project\project\debug\vc142.idb
c:\users\legion\desktop\storage\uni\3ano\cg\testes\aula2\triangles\project\project\debug\main.obj
c:\users\legion\desktop\storage\uni\3ano\cg\testes\aula3\house\project\project\debug\vc142.pdb
c:\users\legion\desktop\storage\uni\3ano\cg\testes\aula3\house\project\project\debug\vc142.idb
c:\users\legion\desktop\storage\uni\3ano\cg\testes\aula3\house\project\project\debug\main.obj
c:\users\legion\desktop\storage\uni\3ano\cg\testes\aula4\house\project\project\debug\vc142.pdb
c:\users\legion\desktop\storage\uni\3ano\cg\testes\aula4\house\project\project\debug\vc142.idb
c:\users\legion\desktop\storage\uni\3ano\cg\testes\aula4\house\project\project\debug\main.obj
c:\users\legion\desktop\storage\uni\3ano\cg\testes\aula4\cubo\project\project\debug\vc142.pdb
c:\users\legion\desktop\storage\uni\3ano\cg\testes\aula4\cubo\project\project\debug\vc142.idb
c:\users\legion\desktop\storage\uni\3ano\cg\testes\aula4\cubo\project\project\debug\main.obj
c:\users\legion\desktop\storage\uni\3ano\cg\testes\aula5\callback\project\project\debug\vc142.pdb
c:\users\legion\desktop\storage\uni\3ano\cg\testes\aula5\callback\project\project\debug\vc142.idb
c:\users\legion\desktop\storage\uni\3ano\cg\testes\aula5\callback\project\project\debug\main.obj
c:\users\legion\desktop\storage\uni\3ano\cg\testes\aula6\iluminacao\project\project\debug\vc142.pdb
c:\users\legion\desktop\storage\uni\3ano\cg\testes\aula6\iluminacao\project\project\debug\vc142.idb
c:\users\legion\desktop\storage\uni\3ano\cg\testes\aula6\iluminacao\project\project\debug\glad.obj
c:\users\legion\desktop\storage\uni\3ano\cg\testes\aula6\iluminacao\project\project\debug\main.obj
c:\users\legion\desktop\storage\uni\3ano\cg\walls\project_walls\project\project\debug\vc142.pdb
c:\users\legion\desktop\storage\uni\3ano\cg\walls\project_walls\project\project\debug\vc142.idb
c:\users\legion\desktop\storage\uni\3ano\cg\walls\project_walls\project\project\debug\glad.obj
c:\users\legion\desktop\storage\uni\3ano\cg\walls\project_walls\project\project\debug\main.obj
c:\users\legion\desktop\storage\uni\3ano\cg\projeto\project\debug\project.exe
c:\users\legion\desktop\storage\uni\3ano\cg\projeto\project\project\debug\project.ilk
c:\users\legion\desktop\storage\uni\3ano\cg\projeto\project\debug\project.pdb
c:\users\legion\desktop\storage\uni\3ano\cg\testes\aula1\triangles\project\debug\project.exe
c:\users\legion\desktop\storage\uni\3ano\cg\testes\aula1\triangles\project\project\debug\project.ilk
c:\users\legion\desktop\storage\uni\3ano\cg\testes\aula1\triangles\project\debug\project.pdb
c:\users\legion\desktop\storage\uni\3ano\cg\testes\aula2\triangles\project\debug\project.exe
c:\users\legion\desktop\storage\uni\3ano\cg\testes\aula2\triangles\project\project\debug\project.ilk
c:\users\legion\desktop\storage\uni\3ano\cg\testes\aula2\triangles\project\debug\project.pdb
c:\users\legion\desktop\storage\uni\3ano\cg\testes\aula3\house\project\debug\project.exe
c:\users\legion\desktop\storage\uni\3ano\cg\testes\aula3\house\project\project\debug\project.ilk
c:\users\legion\desktop\storage\uni\3ano\cg\testes\aula3\house\project\debug\project.pdb
c:\users\legion\desktop\storage\uni\3ano\cg\testes\aula4\house\project\debug\project.exe
c:\users\legion\desktop\storage\uni\3ano\cg\testes\aula4\house\project\project\debug\project.ilk
c:\users\legion\desktop\storage\uni\3ano\cg\testes\aula4\house\project\debug\project.pdb
c:\users\legion\desktop\storage\uni\3ano\cg\testes\aula4\cubo\project\debug\project.exe
c:\users\legion\desktop\storage\uni\3ano\cg\testes\aula4\cubo\project\project\debug\project.ilk
c:\users\legion\desktop\storage\uni\3ano\cg\testes\aula4\cubo\project\debug\project.pdb
c:\users\legion\desktop\storage\uni\3ano\cg\testes\aula5\callback\project\debug\project.exe
c:\users\legion\desktop\storage\uni\3ano\cg\testes\aula5\callback\project\project\debug\project.ilk
c:\users\legion\desktop\storage\uni\3ano\cg\testes\aula5\callback\project\debug\project.pdb
c:\users\legion\desktop\storage\uni\3ano\cg\testes\aula6\iluminacao\project\debug\project.exe
c:\users\legion\desktop\storage\uni\3ano\cg\testes\aula6\iluminacao\project\project\debug\project.ilk
c:\users\legion\desktop\storage\uni\3ano\cg\testes\aula6\iluminacao\project\debug\project.pdb
c:\users\legion\desktop\storage\uni\3ano\cg\walls\project_walls\project\debug\project.exe
c:\users\legion\desktop\storage\uni\3ano\cg\walls\project_walls\project\project\debug\project.ilk
c:\users\legion\desktop\storage\uni\3ano\cg\walls\project_walls\project\debug\project.pdb
c:\users\legion\desktop\storage\uni\3ano\cg\walls\project_walls\project\project\debug\main.obj.enc
c:\users\legion\desktop\storage\uni\3ano\cg\walls\project_walls\project\project\debug\project.tlog\cl.command.1.tlog
c:\users\legion\desktop\storage\uni\3ano\cg\walls\project_walls\project\project\debug\project.tlog\cl.read.1.tlog
c:\users\legion\desktop\storage\uni\3ano\cg\walls\project_walls\project\project\debug\project.tlog\cl.write.1.tlog
c:\users\legion\desktop\storage\uni\3ano\cg\walls\project_walls\project\project\debug\project.tlog\link.command.1.tlog
c:\users\legion\desktop\storage\uni\3ano\cg\walls\project_walls\project\project\debug\project.tlog\link.read.1.tlog
c:\users\legion\desktop\storage\uni\3ano\cg\walls\project_walls\project\project\debug\project.tlog\link.write.1.tlog
