  Main.cpp
C:\Users\Legion\Desktop\Storage\Uni\3ano\CG\Walls\Project_Walls\Project\Project\include\shader_m.h(56,40): warning C4101: 'e': unreferenced local variable
C:\Users\Legion\Desktop\Storage\Uni\3ano\CG\Walls\Project_Walls\Project\Project\Source\Main.cpp(62,20): warning C4838: conversion from 'double' to 'int' requires a narrowing conversion
C:\Users\Legion\Desktop\Storage\Uni\3ano\CG\Walls\Project_Walls\Project\Project\Source\Main.cpp(62,20): warning C4244: 'initializing': conversion from 'double' to 'int', possible loss of data
C:\Users\Legion\Desktop\Storage\Uni\3ano\CG\Walls\Project_Walls\Project\Project\Source\Main.cpp(87,17): warning C4305: 'initializing': truncation from 'double' to 'float'
C:\Users\Legion\Desktop\Storage\Uni\3ano\CG\Walls\Project_Walls\Project\Project\Source\Main.cpp(388,28): warning C4244: 'initializing': conversion from 'double' to 'float', possible loss of data
C:\Users\Legion\Desktop\Storage\Uni\3ano\CG\Walls\Project_Walls\Project\Project\Source\Main.cpp(570,17): warning C4244: '=': conversion from 'double' to 'float', possible loss of data
C:\Users\Legion\Desktop\Storage\Uni\3ano\CG\Walls\Project_Walls\Project\Project\Source\Main.cpp(571,17): warning C4244: '=': conversion from 'double' to 'float', possible loss of data
C:\Users\Legion\Desktop\Storage\Uni\3ano\CG\Walls\Project_Walls\Project\Project\Source\Main.cpp(575,19): warning C4244: 'initializing': conversion from 'double' to 'float', possible loss of data
C:\Users\Legion\Desktop\Storage\Uni\3ano\CG\Walls\Project_Walls\Project\Project\Source\Main.cpp(576,19): warning C4244: 'initializing': conversion from 'double' to 'float', possible loss of data
C:\Users\Legion\Desktop\Storage\Uni\3ano\CG\Walls\Project_Walls\Project\Project\Source\Main.cpp(578,12): warning C4244: '=': conversion from 'double' to 'float', possible loss of data
C:\Users\Legion\Desktop\Storage\Uni\3ano\CG\Walls\Project_Walls\Project\Project\Source\Main.cpp(580,13): warning C4244: '=': conversion from 'double' to 'float', possible loss of data
C:\Users\Legion\Desktop\Storage\Uni\3ano\CG\Walls\Project_Walls\Project\Project\Source\Main.cpp(581,13): warning C4244: '=': conversion from 'double' to 'float', possible loss of data
C:\Users\Legion\Desktop\Storage\Uni\3ano\CG\Walls\Project_Walls\Project\Project\Source\Main.cpp(591,31): warning C4244: 'argument': conversion from 'double' to 'float', possible loss of data
C:\Users\Legion\Desktop\Storage\Uni\3ano\CG\Walls\Project_Walls\Project\Project\Source\Main.cpp(592,16): warning C4305: '+=': truncation from 'double' to 'float'
C:\Users\Legion\Desktop\Storage\Uni\3ano\CG\Walls\Project_Walls\Project\Project\Source\Main.cpp(647,43): warning C4244: '=': conversion from 'const float' to 'int', possible loss of data
C:\Users\Legion\Desktop\Storage\Uni\3ano\CG\Walls\Project_Walls\Project\Project\Source\Main.cpp(649,37): warning C4838: conversion from 'double' to 'int' requires a narrowing conversion
C:\Users\Legion\Desktop\Storage\Uni\3ano\CG\Walls\Project_Walls\Project\Project\Source\Main.cpp(649,37): warning C4244: 'initializing': conversion from 'double' to 'int', possible loss of data
C:\Users\Legion\Desktop\Storage\Uni\3ano\CG\Walls\Project_Walls\Project\Project\Source\Main.cpp(653,43): warning C4244: '=': conversion from 'const float' to 'int', possible loss of data
C:\Users\Legion\Desktop\Storage\Uni\3ano\CG\Walls\Project_Walls\Project\Project\Source\Main.cpp(661,33): warning C4244: 'initializing': conversion from 'double' to 'float', possible loss of data
C:\Users\Legion\Desktop\Storage\Uni\3ano\CG\Walls\Project_Walls\Project\Project\Source\Main.cpp(662,33): warning C4244: 'initializing': conversion from 'double' to 'float', possible loss of data
C:\Users\Legion\Desktop\Storage\Uni\3ano\CG\Walls\Project_Walls\Project\Project\Source\Main.cpp(663,33): warning C4244: 'initializing': conversion from 'double' to 'float', possible loss of data
C:\Users\Legion\Desktop\Storage\Uni\3ano\CG\Walls\Project_Walls\Project\Project\Source\Main.cpp(664,33): warning C4244: 'initializing': conversion from 'double' to 'float', possible loss of data
C:\Users\Legion\Desktop\Storage\Uni\3ano\CG\Walls\Project_Walls\Project\Project\Source\Main.cpp(727,35): warning C4018: '<': signed/unsigned mismatch
C:\Users\Legion\Desktop\Storage\Uni\3ano\CG\Walls\Project_Walls\Project\Project\Source\Main.cpp(778,23): warning C4018: '<=': signed/unsigned mismatch
LINK : warning LNK4098: defaultlib 'MSVCRT' conflicts with use of other libs; use /NODEFAULTLIB:library
  Project.vcxproj -> C:\Users\Legion\Desktop\Storage\Uni\3ano\CG\Walls\Project_Walls\Project\Debug\Project.exe
